This file contains any messages produced by compilers while
running configure, to aid debugging if configure makes a mistake.

It was created by xfce4-kbdleds configure 0.0.5, which was
generated by GNU Autoconf 2.67.  Invocation command line was

  $ ./configure --prefix=/usr

## --------- ##
## Platform. ##
## --------- ##

hostname = oleg-netbook
uname -m = i686
uname -r = 2.6.38-11-generic
uname -s = Linux
uname -v = #50-Ubuntu SMP Mon Sep 12 21:18:14 UTC 2011

/usr/bin/uname -p = unknown
/bin/uname -X     = unknown

/bin/arch              = unknown
/usr/bin/arch -k       = unknown
/usr/convex/getsysinfo = unknown
/usr/bin/hostinfo      = unknown
/bin/machine           = unknown
/usr/bin/oslevel       = unknown
/bin/universe          = unknown

PATH: /usr/local/sbin
PATH: /usr/local/bin
PATH: /usr/sbin
PATH: /usr/bin
PATH: /sbin
PATH: /bin
PATH: /usr/games


## ----------- ##
## Core tests. ##
## ----------- ##

configure:2458: checking for a BSD-compatible install
configure:2526: result: /usr/bin/install -c
configure:2537: checking whether build environment is sane
configure:2587: result: yes
configure:2728: checking for a thread-safe mkdir -p
configure:2767: result: /bin/mkdir -p
configure:2780: checking for gawk
configure:2810: result: no
configure:2780: checking for mawk
configure:2796: found /usr/bin/mawk
configure:2807: result: mawk
configure:2818: checking whether make sets $(MAKE)
configure:2840: result: yes
configure:2915: checking how to create a ustar tar archive
configure:2928: tar --version
tar (GNU tar) 1.25
Copyright (C) 2010 Free Software Foundation, Inc.
License GPLv3+: GNU GPL version 3 or later <http://gnu.org/licenses/gpl.html>.
This is free software: you are free to change and redistribute it.
There is NO WARRANTY, to the extent permitted by law.

Written by John Gilmore and Jay Fenlason.
configure:2931: $? = 0
configure:2971: tardir=conftest.dir && eval tar --format=ustar -chf - "$tardir" >conftest.tar
configure:2974: $? = 0
configure:2978: tar -xf - <conftest.tar
configure:2981: $? = 0
configure:2994: result: gnutar
configure:3004: checking whether to enable maintainer-specific portions of Makefiles
configure:3013: result: no
configure:3051: checking for style of include used by make
configure:3079: result: GNU
configure:3149: checking for gcc
configure:3165: found /usr/bin/gcc
configure:3176: result: gcc
configure:3405: checking for C compiler version
configure:3414: gcc --version >&5
gcc (Ubuntu/Linaro 4.5.2-8ubuntu4) 4.5.2
Copyright (C) 2010 Free Software Foundation, Inc.
This is free software; see the source for copying conditions.  There is NO
warranty; not even for MERCHANTABILITY or FITNESS FOR A PARTICULAR PURPOSE.

configure:3425: $? = 0
configure:3414: gcc -v >&5
Using built-in specs.
COLLECT_GCC=gcc
COLLECT_LTO_WRAPPER=/usr/lib/i386-linux-gnu/gcc/i686-linux-gnu/4.5.2/lto-wrapper
Target: i686-linux-gnu
Configured with: ../src/configure -v --with-pkgversion='Ubuntu/Linaro 4.5.2-8ubuntu4' --with-bugurl=file:///usr/share/doc/gcc-4.5/README.Bugs --enable-languages=c,c++,fortran,objc,obj-c++ --prefix=/usr --program-suffix=-4.5 --enable-shared --enable-multiarch --with-multiarch-defaults=i386-linux-gnu --enable-linker-build-id --with-system-zlib --libexecdir=/usr/lib/i386-linux-gnu --without-included-gettext --enable-threads=posix --with-gxx-include-dir=/usr/include/c++/4.5 --libdir=/usr/lib/i386-linux-gnu --enable-nls --with-sysroot=/ --enable-clocale=gnu --enable-libstdcxx-debug --enable-libstdcxx-time=yes --enable-plugin --enable-gold --enable-ld=default --with-plugin-ld=ld.gold --enable-objc-gc --enable-targets=all --disable-werror --with-arch-32=i686 --with-tune=generic --enable-checking=release --build=i686-linux-gnu --host=i686-linux-gnu --target=i686-linux-gnu
Thread model: posix
gcc version 4.5.2 (Ubuntu/Linaro 4.5.2-8ubuntu4) 
configure:3425: $? = 0
configure:3414: gcc -V >&5
gcc: '-V' option must have argument
configure:3425: $? = 1
configure:3414: gcc -qversion >&5
gcc: unrecognized option '-qversion'
gcc: no input files
configure:3425: $? = 1
configure:3445: checking whether the C compiler works
configure:3467: gcc    conftest.c  >&5
configure:3471: $? = 0
configure:3519: result: yes
configure:3522: checking for C compiler default output file name
configure:3524: result: a.out
configure:3530: checking for suffix of executables
configure:3537: gcc -o conftest    conftest.c  >&5
configure:3541: $? = 0
configure:3563: result: 
configure:3585: checking whether we are cross compiling
configure:3593: gcc -o conftest    conftest.c  >&5
configure:3597: $? = 0
configure:3604: ./conftest
configure:3608: $? = 0
configure:3623: result: no
configure:3628: checking for suffix of object files
configure:3650: gcc -c   conftest.c >&5
configure:3654: $? = 0
configure:3675: result: o
configure:3679: checking whether we are using the GNU C compiler
configure:3698: gcc -c   conftest.c >&5
configure:3698: $? = 0
configure:3707: result: yes
configure:3716: checking whether gcc accepts -g
configure:3736: gcc -c -g  conftest.c >&5
configure:3736: $? = 0
configure:3777: result: yes
configure:3794: checking for gcc option to accept ISO C89
configure:3858: gcc  -c -g -O2  conftest.c >&5
configure:3858: $? = 0
configure:3871: result: none needed
configure:3893: checking dependency style of gcc
configure:4003: result: gcc3
configure:4024: checking how to run the C preprocessor
configure:4055: gcc -E  conftest.c
configure:4055: $? = 0
configure:4069: gcc -E  conftest.c
conftest.c:11:28: fatal error: ac_nonexistent.h: No such file or directory
compilation terminated.
configure:4069: $? = 1
configure: failed program was:
| /* confdefs.h */
| #define PACKAGE_NAME "xfce4-kbdleds"
| #define PACKAGE_TARNAME "xfce4-kbdleds-plugin"
| #define PACKAGE_VERSION "0.0.5"
| #define PACKAGE_STRING "xfce4-kbdleds 0.0.5"
| #define PACKAGE_BUGREPORT "http://bugzilla.xfce.org/"
| #define PACKAGE_URL ""
| #define PACKAGE "xfce4-kbdleds-plugin"
| #define VERSION "0.0.5"
| /* end confdefs.h.  */
| #include <ac_nonexistent.h>
configure:4094: result: gcc -E
configure:4114: gcc -E  conftest.c
configure:4114: $? = 0
configure:4128: gcc -E  conftest.c
conftest.c:11:28: fatal error: ac_nonexistent.h: No such file or directory
compilation terminated.
configure:4128: $? = 1
configure: failed program was:
| /* confdefs.h */
| #define PACKAGE_NAME "xfce4-kbdleds"
| #define PACKAGE_TARNAME "xfce4-kbdleds-plugin"
| #define PACKAGE_VERSION "0.0.5"
| #define PACKAGE_STRING "xfce4-kbdleds 0.0.5"
| #define PACKAGE_BUGREPORT "http://bugzilla.xfce.org/"
| #define PACKAGE_URL ""
| #define PACKAGE "xfce4-kbdleds-plugin"
| #define VERSION "0.0.5"
| /* end confdefs.h.  */
| #include <ac_nonexistent.h>
configure:4157: checking for grep that handles long lines and -e
configure:4215: result: /bin/grep
configure:4220: checking for egrep
configure:4282: result: /bin/grep -E
configure:4287: checking for ANSI C header files
configure:4307: gcc -c -g -O2  conftest.c >&5
configure:4307: $? = 0
configure:4380: gcc -o conftest -g -O2   conftest.c  >&5
configure:4380: $? = 0
configure:4380: ./conftest
configure:4380: $? = 0
configure:4391: result: yes
configure:4404: checking for sys/types.h
configure:4404: gcc -c -g -O2  conftest.c >&5
configure:4404: $? = 0
configure:4404: result: yes
configure:4404: checking for sys/stat.h
configure:4404: gcc -c -g -O2  conftest.c >&5
configure:4404: $? = 0
configure:4404: result: yes
configure:4404: checking for stdlib.h
configure:4404: gcc -c -g -O2  conftest.c >&5
configure:4404: $? = 0
configure:4404: result: yes
configure:4404: checking for string.h
configure:4404: gcc -c -g -O2  conftest.c >&5
configure:4404: $? = 0
configure:4404: result: yes
configure:4404: checking for memory.h
configure:4404: gcc -c -g -O2  conftest.c >&5
configure:4404: $? = 0
configure:4404: result: yes
configure:4404: checking for strings.h
configure:4404: gcc -c -g -O2  conftest.c >&5
configure:4404: $? = 0
configure:4404: result: yes
configure:4404: checking for inttypes.h
configure:4404: gcc -c -g -O2  conftest.c >&5
configure:4404: $? = 0
configure:4404: result: yes
configure:4404: checking for stdint.h
configure:4404: gcc -c -g -O2  conftest.c >&5
configure:4404: $? = 0
configure:4404: result: yes
configure:4404: checking for unistd.h
configure:4404: gcc -c -g -O2  conftest.c >&5
configure:4404: $? = 0
configure:4404: result: yes
configure:4417: checking minix/config.h usability
configure:4417: gcc -c -g -O2  conftest.c >&5
conftest.c:54:26: fatal error: minix/config.h: No such file or directory
compilation terminated.
configure:4417: $? = 1
configure: failed program was:
| /* confdefs.h */
| #define PACKAGE_NAME "xfce4-kbdleds"
| #define PACKAGE_TARNAME "xfce4-kbdleds-plugin"
| #define PACKAGE_VERSION "0.0.5"
| #define PACKAGE_STRING "xfce4-kbdleds 0.0.5"
| #define PACKAGE_BUGREPORT "http://bugzilla.xfce.org/"
| #define PACKAGE_URL ""
| #define PACKAGE "xfce4-kbdleds-plugin"
| #define VERSION "0.0.5"
| #define STDC_HEADERS 1
| #define HAVE_SYS_TYPES_H 1
| #define HAVE_SYS_STAT_H 1
| #define HAVE_STDLIB_H 1
| #define HAVE_STRING_H 1
| #define HAVE_MEMORY_H 1
| #define HAVE_STRINGS_H 1
| #define HAVE_INTTYPES_H 1
| #define HAVE_STDINT_H 1
| #define HAVE_UNISTD_H 1
| /* end confdefs.h.  */
| #include <stdio.h>
| #ifdef HAVE_SYS_TYPES_H
| # include <sys/types.h>
| #endif
| #ifdef HAVE_SYS_STAT_H
| # include <sys/stat.h>
| #endif
| #ifdef STDC_HEADERS
| # include <stdlib.h>
| # include <stddef.h>
| #else
| # ifdef HAVE_STDLIB_H
| #  include <stdlib.h>
| # endif
| #endif
| #ifdef HAVE_STRING_H
| # if !defined STDC_HEADERS && defined HAVE_MEMORY_H
| #  include <memory.h>
| # endif
| # include <string.h>
| #endif
| #ifdef HAVE_STRINGS_H
| # include <strings.h>
| #endif
| #ifdef HAVE_INTTYPES_H
| # include <inttypes.h>
| #endif
| #ifdef HAVE_STDINT_H
| # include <stdint.h>
| #endif
| #ifdef HAVE_UNISTD_H
| # include <unistd.h>
| #endif
| #include <minix/config.h>
configure:4417: result: no
configure:4417: checking minix/config.h presence
configure:4417: gcc -E  conftest.c
conftest.c:21:26: fatal error: minix/config.h: No such file or directory
compilation terminated.
configure:4417: $? = 1
configure: failed program was:
| /* confdefs.h */
| #define PACKAGE_NAME "xfce4-kbdleds"
| #define PACKAGE_TARNAME "xfce4-kbdleds-plugin"
| #define PACKAGE_VERSION "0.0.5"
| #define PACKAGE_STRING "xfce4-kbdleds 0.0.5"
| #define PACKAGE_BUGREPORT "http://bugzilla.xfce.org/"
| #define PACKAGE_URL ""
| #define PACKAGE "xfce4-kbdleds-plugin"
| #define VERSION "0.0.5"
| #define STDC_HEADERS 1
| #define HAVE_SYS_TYPES_H 1
| #define HAVE_SYS_STAT_H 1
| #define HAVE_STDLIB_H 1
| #define HAVE_STRING_H 1
| #define HAVE_MEMORY_H 1
| #define HAVE_STRINGS_H 1
| #define HAVE_INTTYPES_H 1
| #define HAVE_STDINT_H 1
| #define HAVE_UNISTD_H 1
| /* end confdefs.h.  */
| #include <minix/config.h>
configure:4417: result: no
configure:4417: checking for minix/config.h
configure:4417: result: no
configure:4438: checking whether it is safe to define __EXTENSIONS__
configure:4456: gcc -c -g -O2  conftest.c >&5
configure:4456: $? = 0
configure:4463: result: yes
configure:4478: checking for library containing strerror
configure:4509: gcc -o conftest -g -O2   conftest.c  >&5
configure:4509: $? = 0
configure:4526: result: none required
configure:4583: checking for gcc
configure:4610: result: gcc
configure:4839: checking for C compiler version
configure:4848: gcc --version >&5
gcc (Ubuntu/Linaro 4.5.2-8ubuntu4) 4.5.2
Copyright (C) 2010 Free Software Foundation, Inc.
This is free software; see the source for copying conditions.  There is NO
warranty; not even for MERCHANTABILITY or FITNESS FOR A PARTICULAR PURPOSE.

configure:4859: $? = 0
configure:4848: gcc -v >&5
Using built-in specs.
COLLECT_GCC=gcc
COLLECT_LTO_WRAPPER=/usr/lib/i386-linux-gnu/gcc/i686-linux-gnu/4.5.2/lto-wrapper
Target: i686-linux-gnu
Configured with: ../src/configure -v --with-pkgversion='Ubuntu/Linaro 4.5.2-8ubuntu4' --with-bugurl=file:///usr/share/doc/gcc-4.5/README.Bugs --enable-languages=c,c++,fortran,objc,obj-c++ --prefix=/usr --program-suffix=-4.5 --enable-shared --enable-multiarch --with-multiarch-defaults=i386-linux-gnu --enable-linker-build-id --with-system-zlib --libexecdir=/usr/lib/i386-linux-gnu --without-included-gettext --enable-threads=posix --with-gxx-include-dir=/usr/include/c++/4.5 --libdir=/usr/lib/i386-linux-gnu --enable-nls --with-sysroot=/ --enable-clocale=gnu --enable-libstdcxx-debug --enable-libstdcxx-time=yes --enable-plugin --enable-gold --enable-ld=default --with-plugin-ld=ld.gold --enable-objc-gc --enable-targets=all --disable-werror --with-arch-32=i686 --with-tune=generic --enable-checking=release --build=i686-linux-gnu --host=i686-linux-gnu --target=i686-linux-gnu
Thread model: posix
gcc version 4.5.2 (Ubuntu/Linaro 4.5.2-8ubuntu4) 
configure:4859: $? = 0
configure:4848: gcc -V >&5
gcc: '-V' option must have argument
configure:4859: $? = 1
configure:4848: gcc -qversion >&5
gcc: unrecognized option '-qversion'
gcc: no input files
configure:4859: $? = 1
configure:4863: checking whether we are using the GNU C compiler
configure:4891: result: yes
configure:4900: checking whether gcc accepts -g
configure:4961: result: yes
configure:4978: checking for gcc option to accept ISO C89
configure:5055: result: none needed
configure:5077: checking dependency style of gcc
configure:5187: result: gcc3
configure:5203: checking whether gcc and cc understand -c and -o together
configure:5234: gcc -c conftest.c -o conftest2.o >&5
configure:5238: $? = 0
configure:5244: gcc -c conftest.c -o conftest2.o >&5
configure:5248: $? = 0
configure:5259: cc -c conftest.c >&5
configure:5263: $? = 0
configure:5271: cc -c conftest.c -o conftest2.o >&5
configure:5275: $? = 0
configure:5281: cc -c conftest.c -o conftest2.o >&5
configure:5285: $? = 0
configure:5303: result: yes
configure:5332: checking build system type
configure:5346: result: i686-pc-linux-gnu
configure:5366: checking host system type
configure:5379: result: i686-pc-linux-gnu
configure:5399: checking for a sed that does not truncate output
configure:5463: result: /bin/sed
configure:5481: checking for fgrep
configure:5543: result: /bin/grep -F
configure:5578: checking for ld used by gcc
configure:5645: result: /usr/bin/ld
configure:5652: checking if the linker (/usr/bin/ld) is GNU ld
configure:5667: result: yes
configure:5681: checking whether NLS is requested
configure:5690: result: yes
configure:5720: checking for intltool-update
configure:5738: found /usr/bin/intltool-update
configure:5750: result: /usr/bin/intltool-update
configure:5760: checking for intltool-merge
configure:5778: found /usr/bin/intltool-merge
configure:5790: result: /usr/bin/intltool-merge
configure:5800: checking for intltool-extract
configure:5818: found /usr/bin/intltool-extract
configure:5830: result: /usr/bin/intltool-extract
configure:5961: checking for xgettext
configure:5979: found /usr/bin/xgettext
configure:5991: result: /usr/bin/xgettext
configure:6001: checking for msgmerge
configure:6019: found /usr/bin/msgmerge
configure:6031: result: /usr/bin/msgmerge
configure:6041: checking for msgfmt
configure:6059: found /usr/bin/msgfmt
configure:6071: result: /usr/bin/msgfmt
configure:6081: checking for gmsgfmt
configure:6112: result: /usr/bin/msgfmt
configure:6132: checking for perl
configure:6150: found /usr/bin/perl
configure:6162: result: /usr/bin/perl
configure:6173: checking for perl >= 5.8.1
configure:6180: result: 5.10.1
configure:6184: checking for XML::Parser
configure:6187: result: ok
configure:6212: gcc -o conftest -g -O2   conftest.c  >&5
configure:6212: $? = 0
configure:6263: checking for BSD- or MS-compatible name lister (nm)
configure:6312: result: /usr/bin/nm -B
configure:6430: checking the name lister (/usr/bin/nm -B) interface
configure:6437: gcc -c -g -O2  conftest.c >&5
configure:6440: /usr/bin/nm -B "conftest.o"
configure:6443: output
00000000 B some_variable
configure:6450: result: BSD nm
configure:6453: checking whether ln -s works
configure:6457: result: yes
configure:6465: checking the maximum length of command line arguments
configure:6585: result: 1572864
configure:6602: checking whether the shell understands some XSI constructs
configure:6612: result: yes
configure:6616: checking whether the shell understands "+="
configure:6622: result: yes
configure:6657: checking for /usr/bin/ld option to reload object files
configure:6664: result: -r
configure:6733: checking for objdump
configure:6749: found /usr/bin/objdump
configure:6760: result: objdump
configure:6792: checking how to recognize dependent libraries
configure:6988: result: pass_all
configure:7048: checking for ar
configure:7064: found /usr/bin/ar
configure:7075: result: ar
configure:7153: checking for strip
configure:7169: found /usr/bin/strip
configure:7180: result: strip
configure:7252: checking for ranlib
configure:7268: found /usr/bin/ranlib
configure:7279: result: ranlib
configure:7369: checking command to parse /usr/bin/nm -B output from gcc object
configure:7487: gcc -c -g -O2  conftest.c >&5
configure:7490: $? = 0
configure:7494: /usr/bin/nm -B conftest.o \| sed -n -e 's/^.*[	 ]\([ABCDGIRSTW][ABCDGIRSTW]*\)[	 ][	 ]*\([_A-Za-z][_A-Za-z0-9]*\)$/\1 \2 \2/p' \> conftest.nm
configure:7497: $? = 0
configure:7551: gcc -o conftest -g -O2   conftest.c conftstm.o >&5
configure:7554: $? = 0
configure:7592: result: ok
configure:8397: checking for dlfcn.h
configure:8397: gcc -c -g -O2  conftest.c >&5
configure:8397: $? = 0
configure:8397: result: yes
configure:8581: checking for objdir
configure:8596: result: .libs
configure:8888: checking if gcc supports -fno-rtti -fno-exceptions
configure:8906: gcc -c -g -O2  -fno-rtti -fno-exceptions conftest.c >&5
cc1: warning: command line option "-fno-rtti" is valid for C++/ObjC++ but not for C
configure:8910: $? = 0
configure:8923: result: no
configure:8943: checking for gcc option to produce PIC
configure:9215: result: -fPIC -DPIC
configure:9227: checking if gcc PIC flag -fPIC -DPIC works
configure:9245: gcc -c -g -O2  -fPIC -DPIC -DPIC conftest.c >&5
configure:9249: $? = 0
configure:9262: result: yes
configure:9286: checking if gcc static flag -static works
configure:9314: result: yes
configure:9329: checking if gcc supports -c -o file.o
configure:9350: gcc -c -g -O2  -o out/conftest2.o conftest.c >&5
configure:9354: $? = 0
configure:9376: result: yes
configure:9384: checking if gcc supports -c -o file.o
configure:9431: result: yes
configure:9464: checking whether the gcc linker (/usr/bin/ld) supports shared libraries
configure:10455: result: yes
configure:10492: checking whether -lc should be explicitly linked in
configure:10497: gcc -c -g -O2  conftest.c >&5
configure:10500: $? = 0
configure:10515: gcc -shared conftest.o  -v -Wl,-soname -Wl,conftest -o conftest 2\>\&1 \| /bin/grep  -lc  \>/dev/null 2\>\&1
configure:10518: $? = 0
configure:10530: result: no
configure:10694: checking dynamic linker characteristics
configure:11127: gcc -o conftest -g -O2   -Wl,-rpath -Wl,/foo conftest.c  >&5
configure:11127: $? = 0
configure:11357: result: GNU/Linux ld.so
configure:11459: checking how to hardcode library paths into programs
configure:11484: result: immediate
configure:12004: checking whether stripping libraries is possible
configure:12009: result: yes
configure:12044: checking if libtool supports shared libraries
configure:12046: result: yes
configure:12049: checking whether to build shared libraries
configure:12070: result: yes
configure:12073: checking whether to build static libraries
configure:12077: result: yes
configure:12113: checking for ANSI C header files
configure:12217: result: yes
configure:12230: checking for stdlib.h
configure:12230: result: yes
configure:12230: checking for unistd.h
configure:12230: result: yes
configure:12230: checking locale.h usability
configure:12230: gcc -c -g -O2  conftest.c >&5
configure:12230: $? = 0
configure:12230: result: yes
configure:12230: checking locale.h presence
configure:12230: gcc -E  conftest.c
configure:12230: $? = 0
configure:12230: result: yes
configure:12230: checking for locale.h
configure:12230: result: yes
configure:12230: checking stdio.h usability
configure:12230: gcc -c -g -O2  conftest.c >&5
configure:12230: $? = 0
configure:12230: result: yes
configure:12230: checking stdio.h presence
configure:12230: gcc -E  conftest.c
configure:12230: $? = 0
configure:12230: result: yes
configure:12230: checking for stdio.h
configure:12230: result: yes
configure:12230: checking errno.h usability
configure:12230: gcc -c -g -O2  conftest.c >&5
configure:12230: $? = 0
configure:12230: result: yes
configure:12230: checking errno.h presence
configure:12230: gcc -E  conftest.c
configure:12230: $? = 0
configure:12230: result: yes
configure:12230: checking for errno.h
configure:12230: result: yes
configure:12230: checking time.h usability
configure:12230: gcc -c -g -O2  conftest.c >&5
configure:12230: $? = 0
configure:12230: result: yes
configure:12230: checking time.h presence
configure:12230: gcc -E  conftest.c
configure:12230: $? = 0
configure:12230: result: yes
configure:12230: checking for time.h
configure:12230: result: yes
configure:12230: checking for string.h
configure:12230: result: yes
configure:12230: checking math.h usability
configure:12230: gcc -c -g -O2  conftest.c >&5
configure:12230: $? = 0
configure:12230: result: yes
configure:12230: checking math.h presence
configure:12230: gcc -E  conftest.c
configure:12230: $? = 0
configure:12230: result: yes
configure:12230: checking for math.h
configure:12230: result: yes
configure:12230: checking for sys/types.h
configure:12230: result: yes
configure:12230: checking sys/wait.h usability
configure:12230: gcc -c -g -O2  conftest.c >&5
configure:12230: $? = 0
configure:12230: result: yes
configure:12230: checking sys/wait.h presence
configure:12230: gcc -E  conftest.c
configure:12230: $? = 0
configure:12230: result: yes
configure:12230: checking for sys/wait.h
configure:12230: result: yes
configure:12230: checking for memory.h
configure:12230: result: yes
configure:12230: checking signal.h usability
configure:12230: gcc -c -g -O2  conftest.c >&5
configure:12230: $? = 0
configure:12230: result: yes
configure:12230: checking signal.h presence
configure:12230: gcc -E  conftest.c
configure:12230: $? = 0
configure:12230: result: yes
configure:12230: checking for signal.h
configure:12230: result: yes
configure:12230: checking sys/prctl.h usability
configure:12230: gcc -c -g -O2  conftest.c >&5
configure:12230: $? = 0
configure:12230: result: yes
configure:12230: checking sys/prctl.h presence
configure:12230: gcc -E  conftest.c
configure:12230: $? = 0
configure:12230: result: yes
configure:12230: checking for sys/prctl.h
configure:12230: result: yes
configure:12230: checking libintl.h usability
configure:12230: gcc -c -g -O2  conftest.c >&5
configure:12230: $? = 0
configure:12230: result: yes
configure:12230: checking libintl.h presence
configure:12230: gcc -E  conftest.c
configure:12230: $? = 0
configure:12230: result: yes
configure:12230: checking for libintl.h
configure:12230: result: yes
configure:12242: checking for bind_textdomain_codeset
configure:12242: gcc -o conftest -g -O2   conftest.c  >&5
configure:12242: $? = 0
configure:12242: result: yes
configure:12265: checking for locale.h
configure:12265: result: yes
configure:12276: checking for LC_MESSAGES
configure:12292: gcc -o conftest -g -O2   conftest.c  >&5
configure:12292: $? = 0
configure:12300: result: yes
configure:12317: checking for libintl.h
configure:12317: result: yes
configure:12325: checking for ngettext in libc
configure:12343: gcc -o conftest -g -O2   conftest.c  >&5
configure:12343: $? = 0
configure:12352: result: yes
configure:12356: checking for dgettext in libc
configure:12374: gcc -o conftest -g -O2   conftest.c  >&5
configure:12374: $? = 0
configure:12383: result: yes
configure:12390: checking for bind_textdomain_codeset
configure:12390: result: yes
configure:12666: checking for msgfmt
configure:12693: result: /usr/bin/msgfmt
configure:12704: checking for dcgettext
configure:12704: gcc -o conftest -g -O2   conftest.c   >&5
conftest.c:72:6: warning: conflicting types for built-in function 'dcgettext'
configure:12704: $? = 0
configure:12704: result: yes
configure:12714: checking if msgfmt accepts -c
configure:12729: $MSGFMT -c -o /dev/null conftest.foo
configure:12732: $? = 0
configure:12734: result: yes
configure:12744: checking for gmsgfmt
configure:12775: result: /usr/bin/msgfmt
configure:12785: checking for xgettext
configure:12812: result: /usr/bin/xgettext
configure:12831: gcc -o conftest -g -O2   conftest.c   >&5
configure:12831: $? = 0
configure:12909: checking for catalogs to be installed
configure:12934: result:  ru uk
configure:12967: checking for bind_textdomain_codeset
configure:12967: result: yes
configure:12973: checking for locales directory
configure:12989: result: ${datarootdir}/locale
configure:12993: checking for additional xgettext flags
configure:13001: result: --keyword=Q_ --from-code=UTF-8
configure:13005: checking for X
configure:13113: gcc -E  conftest.c
configure:13113: $? = 0
configure:13144: gcc -o conftest -g -O2   conftest.c -lX11  >&5
configure:13144: $? = 0
configure:13194: result: libraries , headers 
configure:13293: gcc -o conftest -g -O2   conftest.c   -lX11 >&5
configure:13293: $? = 0
configure:13391: checking for gethostbyname
configure:13391: gcc -o conftest -g -O2   conftest.c  >&5
configure:13391: $? = 0
configure:13391: result: yes
configure:13488: checking for connect
configure:13488: gcc -o conftest -g -O2   conftest.c  >&5
configure:13488: $? = 0
configure:13488: result: yes
configure:13537: checking for remove
configure:13537: gcc -o conftest -g -O2   conftest.c  >&5
configure:13537: $? = 0
configure:13537: result: yes
configure:13586: checking for shmat
configure:13586: gcc -o conftest -g -O2   conftest.c  >&5
configure:13586: $? = 0
configure:13586: result: yes
configure:13644: checking for IceConnectionNumber in -lICE
configure:13669: gcc -o conftest -g -O2   conftest.c -lICE   >&5
configure:13669: $? = 0
configure:13678: result: yes
configure:13693: checking for main in -lX11
configure:13712: gcc -o conftest -g -O2   conftest.c -lX11   -lSM -lICE    >&5
configure:13712: $? = 0
configure:13721: result: yes
configure:13771: checking for pkg-config
configure:13789: found /usr/bin/pkg-config
configure:13802: result: /usr/bin/pkg-config
configure:13824: checking for pkg-config >= 0.9.0
configure:13828: result: 0.25
configure:13845: checking for gtk+-2.0 >= 2.20.0
configure:13849: result: 2.24.4
configure:13852: checking GTK_CFLAGS
configure:13855: result: -pthread -I/usr/include/atk-1.0 -I/usr/include/pango-1.0 -I/usr/include/gio-unix-2.0/ -I/usr/include/glib-2.0 -I/usr/lib/i386-linux-gnu/glib-2.0/include -I/usr/include/freetype2 -I/usr/include/libpng12 -I/usr/include/gtk-2.0 -I/usr/lib/gtk-2.0/include -I/usr/include/cairo -I/usr/include/gdk-pixbuf-2.0 -I/usr/include/pixman-1  
configure:13858: checking GTK_LIBS
configure:13861: result: -pthread -L/usr/lib/i386-linux-gnu -lgtk-x11-2.0 -lgdk-x11-2.0 -latk-1.0 -lgio-2.0 -lpangoft2-1.0 -lpangocairo-1.0 -lgdk_pixbuf-2.0 -lm -lcairo -lpango-1.0 -lfreetype -lfontconfig -lgobject-2.0 -lgmodule-2.0 -lgthread-2.0 -lrt -lglib-2.0  
configure:13983: checking for libxfce4ui-1 >= 4.6.0
configure:13987: result: 4.8.0
configure:13990: checking LIBXFCE4UI_CFLAGS
configure:13993: result: -pthread -I/usr/include/atk-1.0 -I/usr/include/pango-1.0 -I/usr/include/gio-unix-2.0/ -I/usr/include/glib-2.0 -I/usr/lib/i386-linux-gnu/glib-2.0/include -I/usr/include/freetype2 -I/usr/include/libpng12 -I/usr/include/xfce4/libxfce4ui-1 -I/usr/include/gtk-2.0 -I/usr/include/xfce4 -I/usr/lib/gtk-2.0/include -I/usr/include/cairo -I/usr/include/gdk-pixbuf-2.0 -I/usr/include/pixman-1  
configure:13996: checking LIBXFCE4UI_LIBS
configure:13999: result: -pthread -L/usr/lib/i386-linux-gnu -lxfce4ui-1 -lgtk-x11-2.0 -lxfce4util -lgdk-x11-2.0 -latk-1.0 -lgio-2.0 -lpangoft2-1.0 -lpangocairo-1.0 -lgdk_pixbuf-2.0 -lm -lcairo -lpango-1.0 -lfreetype -lfontconfig -lgobject-2.0 -lgmodule-2.0 -lgthread-2.0 -lrt -lglib-2.0  
configure:14121: checking for libxfce4util-1.0 >= 4.6.0
configure:14125: result: 4.8.1
configure:14128: checking LIBXFCE4UTIL_CFLAGS
configure:14131: result: -I/usr/include/glib-2.0 -I/usr/lib/i386-linux-gnu/glib-2.0/include -I/usr/include/xfce4  
configure:14134: checking LIBXFCE4UTIL_LIBS
configure:14137: result: -L/usr/lib/i386-linux-gnu -lxfce4util -lglib-2.0  
configure:14259: checking for libxfce4panel-1.0 >= 4.6.0
configure:14263: result: 4.8.3
configure:14266: checking LIBXFCE4PANEL_CFLAGS
configure:14269: result: -pthread -I/usr/include/glib-2.0 -I/usr/lib/i386-linux-gnu/glib-2.0/include -I/usr/include/atk-1.0 -I/usr/include/pango-1.0 -I/usr/include/gio-unix-2.0/ -I/usr/include/freetype2 -I/usr/include/libpng12 -I/usr/include/xfce4/libxfce4panel-1.0 -I/usr/include/gtk-2.0 -I/usr/include/xfce4 -I/usr/lib/gtk-2.0/include -I/usr/include/cairo -I/usr/include/gdk-pixbuf-2.0 -I/usr/include/pixman-1  
configure:14272: checking LIBXFCE4PANEL_LIBS
configure:14275: result: -Wl,--export-dynamic -pthread -L/usr/lib/i386-linux-gnu -lxfce4panel-1.0 -lgtk-x11-2.0 -lxfce4util -lgdk-x11-2.0 -latk-1.0 -lgio-2.0 -lpangoft2-1.0 -lpangocairo-1.0 -lgdk_pixbuf-2.0 -lm -lcairo -lpango-1.0 -lfreetype -lfontconfig -lgobject-2.0 -lgmodule-2.0 -lgthread-2.0 -lrt -lglib-2.0  
configure:14324: checking whether to build with debugging support
configure:14398: result: minimum
configure:14404: checking PLATFORM_CPPFLAGS
configure:14406: result: 
configure:14409: checking PLATFORM_CFLAGS
configure:14411: result: 
configure:14414: checking PLATFORM_LDFLAGS
configure:14416: result: 
configure:14553: creating ./config.status

## ---------------------- ##
## Running config.status. ##
## ---------------------- ##

This file was extended by xfce4-kbdleds config.status 0.0.5, which was
generated by GNU Autoconf 2.67.  Invocation command line was

  CONFIG_FILES    = 
  CONFIG_HEADERS  = 
  CONFIG_LINKS    = 
  CONFIG_COMMANDS = 
  $ ./config.status 

on oleg-netbook

config.status:1207: creating Makefile
config.status:1207: creating icons/Makefile
config.status:1207: creating icons/48x48/Makefile
config.status:1207: creating icons/scalable/Makefile
config.status:1207: creating panel-plugin/Makefile
config.status:1207: creating po/Makefile.in
config.status:1207: creating config.h
config.status:1435: executing depfiles commands
config.status:1435: executing libtool commands
config.status:1435: executing default-1 commands
config.status:1435: executing po/stamp-it commands

## ---------------- ##
## Cache variables. ##
## ---------------- ##

ac_cv_build=i686-pc-linux-gnu
ac_cv_c_compiler_gnu=yes
ac_cv_env_CC_set=
ac_cv_env_CC_value=
ac_cv_env_CFLAGS_set=
ac_cv_env_CFLAGS_value=
ac_cv_env_CPPFLAGS_set=
ac_cv_env_CPPFLAGS_value=
ac_cv_env_CPP_set=
ac_cv_env_CPP_value=
ac_cv_env_LDFLAGS_set=
ac_cv_env_LDFLAGS_value=
ac_cv_env_LIBS_set=
ac_cv_env_LIBS_value=
ac_cv_env_XMKMF_set=
ac_cv_env_XMKMF_value=
ac_cv_env_build_alias_set=
ac_cv_env_build_alias_value=
ac_cv_env_host_alias_set=
ac_cv_env_host_alias_value=
ac_cv_env_target_alias_set=
ac_cv_env_target_alias_value=
ac_cv_func_bind_textdomain_codeset=yes
ac_cv_func_connect=yes
ac_cv_func_dcgettext=yes
ac_cv_func_gethostbyname=yes
ac_cv_func_remove=yes
ac_cv_func_shmat=yes
ac_cv_have_x='have_x=yes	ac_x_includes='\'''\''	ac_x_libraries='\'''\'''
ac_cv_header_dlfcn_h=yes
ac_cv_header_errno_h=yes
ac_cv_header_inttypes_h=yes
ac_cv_header_libintl_h=yes
ac_cv_header_locale_h=yes
ac_cv_header_math_h=yes
ac_cv_header_memory_h=yes
ac_cv_header_minix_config_h=no
ac_cv_header_signal_h=yes
ac_cv_header_stdc=yes
ac_cv_header_stdint_h=yes
ac_cv_header_stdio_h=yes
ac_cv_header_stdlib_h=yes
ac_cv_header_string_h=yes
ac_cv_header_strings_h=yes
ac_cv_header_sys_prctl_h=yes
ac_cv_header_sys_stat_h=yes
ac_cv_header_sys_types_h=yes
ac_cv_header_sys_wait_h=yes
ac_cv_header_time_h=yes
ac_cv_header_unistd_h=yes
ac_cv_host=i686-pc-linux-gnu
ac_cv_lib_ICE_IceConnectionNumber=yes
ac_cv_lib_X11_main=yes
ac_cv_objext=o
ac_cv_path_EGREP='/bin/grep -E'
ac_cv_path_FGREP='/bin/grep -F'
ac_cv_path_GMSGFMT=/usr/bin/msgfmt
ac_cv_path_GREP=/bin/grep
ac_cv_path_INTLTOOL_EXTRACT=/usr/bin/intltool-extract
ac_cv_path_INTLTOOL_MERGE=/usr/bin/intltool-merge
ac_cv_path_INTLTOOL_PERL=/usr/bin/perl
ac_cv_path_INTLTOOL_UPDATE=/usr/bin/intltool-update
ac_cv_path_MSGFMT=/usr/bin/msgfmt
ac_cv_path_MSGMERGE=/usr/bin/msgmerge
ac_cv_path_PKG_CONFIG=/usr/bin/pkg-config
ac_cv_path_SED=/bin/sed
ac_cv_path_XGETTEXT=/usr/bin/xgettext
ac_cv_path_install='/usr/bin/install -c'
ac_cv_path_mkdir=/bin/mkdir
ac_cv_prog_AWK=mawk
ac_cv_prog_CPP='gcc -E'
ac_cv_prog_ac_ct_AR=ar
ac_cv_prog_ac_ct_CC=gcc
ac_cv_prog_ac_ct_OBJDUMP=objdump
ac_cv_prog_ac_ct_RANLIB=ranlib
ac_cv_prog_ac_ct_STRIP=strip
ac_cv_prog_cc_c89=
ac_cv_prog_cc_g=yes
ac_cv_prog_cc_gcc_c_o=yes
ac_cv_prog_make_make_set=yes
ac_cv_safe_to_define___extensions__=yes
ac_cv_search_strerror='none required'
am_cv_CC_dependencies_compiler_type=gcc3
am_cv_prog_tar_ustar=gnutar
am_cv_val_LC_MESSAGES=yes
gt_cv_func_dgettext_libc=yes
gt_cv_func_dgettext_libintl=no
gt_cv_func_ngettext_libc=yes
gt_cv_have_gettext=yes
lt_cv_deplibs_check_method=pass_all
lt_cv_file_magic_cmd='$MAGIC_CMD'
lt_cv_file_magic_test_file=
lt_cv_ld_reload_flag=-r
lt_cv_nm_interface='BSD nm'
lt_cv_objdir=.libs
lt_cv_path_LD=/usr/bin/ld
lt_cv_path_NM='/usr/bin/nm -B'
lt_cv_prog_compiler_c_o=yes
lt_cv_prog_compiler_pic_works=yes
lt_cv_prog_compiler_rtti_exceptions=no
lt_cv_prog_compiler_static_works=yes
lt_cv_prog_gnu_ld=yes
lt_cv_sys_global_symbol_pipe='sed -n -e '\''s/^.*[	 ]\([ABCDGIRSTW][ABCDGIRSTW]*\)[	 ][	 ]*\([_A-Za-z][_A-Za-z0-9]*\)$/\1 \2 \2/p'\'''
lt_cv_sys_global_symbol_to_c_name_address='sed -n -e '\''s/^: \([^ ]*\) $/  {\"\1\", (void *) 0},/p'\'' -e '\''s/^[ABCDGIRSTW]* \([^ ]*\) \([^ ]*\)$/  {"\2", (void *) \&\2},/p'\'''
lt_cv_sys_global_symbol_to_c_name_address_lib_prefix='sed -n -e '\''s/^: \([^ ]*\) $/  {\"\1\", (void *) 0},/p'\'' -e '\''s/^[ABCDGIRSTW]* \([^ ]*\) \(lib[^ ]*\)$/  {"\2", (void *) \&\2},/p'\'' -e '\''s/^[ABCDGIRSTW]* \([^ ]*\) \([^ ]*\)$/  {"lib\2", (void *) \&\2},/p'\'''
lt_cv_sys_global_symbol_to_cdecl='sed -n -e '\''s/^T .* \(.*\)$/extern int \1();/p'\'' -e '\''s/^[ABCDGIRSTW]* .* \(.*\)$/extern char \1;/p'\'''
lt_cv_sys_max_cmd_len=1572864
xdt_cv_PKG_CONFIG_MIN_VERSION=0.9.0
xdt_cv_PKG_CONFIG_VERSION=0.25

## ----------------- ##
## Output variables. ##
## ----------------- ##

ACLOCAL='${SHELL} /home/oleg/temp/xfce/xfce4-kbdleds-plugin/missing --run aclocal-1.11'
ALL_LINGUAS='ru uk'
AMDEPBACKSLASH='\'
AMDEP_FALSE='#'
AMDEP_TRUE=''
AMTAR='${SHELL} /home/oleg/temp/xfce/xfce4-kbdleds-plugin/missing --run tar'
AM_BACKSLASH='\'
AM_DEFAULT_VERBOSITY='0'
AR='ar'
AUTOCONF='${SHELL} /home/oleg/temp/xfce/xfce4-kbdleds-plugin/missing --run autoconf'
AUTOHEADER='${SHELL} /home/oleg/temp/xfce/xfce4-kbdleds-plugin/missing --run autoheader'
AUTOMAKE='${SHELL} /home/oleg/temp/xfce/xfce4-kbdleds-plugin/missing --run automake-1.11'
AWK='mawk'
CATALOGS=' ru.gmo uk.gmo'
CATOBJEXT='.gmo'
CC='gcc'
CCDEPMODE='depmode=gcc3'
CFLAGS='-g -O2'
CPP='gcc -E'
CPPFLAGS=' -DNDEBUG'
CYGPATH_W='echo'
DATADIRNAME='share'
DEFS='-DHAVE_CONFIG_H'
DEPDIR='.deps'
DSYMUTIL=''
DUMPBIN=''
ECHO_C=''
ECHO_N='-n'
ECHO_T=''
EGREP='/bin/grep -E'
EXEEXT=''
FGREP='/bin/grep -F'
GETTEXT_PACKAGE='xfce4-kbdleds-plugin'
GMOFILES=' ru.gmo uk.gmo'
GMSGFMT='/usr/bin/msgfmt'
GREP='/bin/grep'
GTK_CFLAGS='-pthread -I/usr/include/atk-1.0 -I/usr/include/pango-1.0 -I/usr/include/gio-unix-2.0/ -I/usr/include/glib-2.0 -I/usr/lib/i386-linux-gnu/glib-2.0/include -I/usr/include/freetype2 -I/usr/include/libpng12 -I/usr/include/gtk-2.0 -I/usr/lib/gtk-2.0/include -I/usr/include/cairo -I/usr/include/gdk-pixbuf-2.0 -I/usr/include/pixman-1  '
GTK_LIBS='-pthread -L/usr/lib/i386-linux-gnu -lgtk-x11-2.0 -lgdk-x11-2.0 -latk-1.0 -lgio-2.0 -lpangoft2-1.0 -lpangocairo-1.0 -lgdk_pixbuf-2.0 -lm -lcairo -lpango-1.0 -lfreetype -lfontconfig -lgobject-2.0 -lgmodule-2.0 -lgthread-2.0 -lrt -lglib-2.0  '
GTK_REQUIRED_VERSION='2.20.0'
GTK_VERSION='2.24.4'
INSTALL_DATA='${INSTALL} -m 644'
INSTALL_PROGRAM='${INSTALL}'
INSTALL_SCRIPT='${INSTALL}'
INSTALL_STRIP_PROGRAM='$(install_sh) -c -s'
INSTOBJEXT='.mo'
INTLLIBS=''
INTLTOOL_CAVES_RULE='%.caves:     %.caves.in     $(INTLTOOL_MERGE) $(wildcard $(top_srcdir)/po/*.po) ; LC_ALL=C $(INTLTOOL_MERGE) -d -u -c $(top_builddir)/po/.intltool-merge-cache $(top_srcdir)/po $< $@'
INTLTOOL_DESKTOP_RULE='%.desktop:   %.desktop.in   $(INTLTOOL_MERGE) $(wildcard $(top_srcdir)/po/*.po) ; LC_ALL=C $(INTLTOOL_MERGE) -d -u -c $(top_builddir)/po/.intltool-merge-cache $(top_srcdir)/po $< $@'
INTLTOOL_DIRECTORY_RULE='%.directory: %.directory.in $(INTLTOOL_MERGE) $(wildcard $(top_srcdir)/po/*.po) ; LC_ALL=C $(INTLTOOL_MERGE) -d -u -c $(top_builddir)/po/.intltool-merge-cache $(top_srcdir)/po $< $@'
INTLTOOL_EXTRACT='/usr/bin/intltool-extract'
INTLTOOL_KBD_RULE='%.kbd:       %.kbd.in       $(INTLTOOL_MERGE) $(wildcard $(top_srcdir)/po/*.po) ; LC_ALL=C $(INTLTOOL_MERGE) -x -u -m -c $(top_builddir)/po/.intltool-merge-cache $(top_srcdir)/po $< $@'
INTLTOOL_KEYS_RULE='%.keys:      %.keys.in      $(INTLTOOL_MERGE) $(wildcard $(top_srcdir)/po/*.po) ; LC_ALL=C $(INTLTOOL_MERGE) -k -u -c $(top_builddir)/po/.intltool-merge-cache $(top_srcdir)/po $< $@'
INTLTOOL_MERGE='/usr/bin/intltool-merge'
INTLTOOL_OAF_RULE='%.oaf:       %.oaf.in       $(INTLTOOL_MERGE) $(wildcard $(top_srcdir)/po/*.po) ; LC_ALL=C $(INTLTOOL_MERGE) -o -p $(top_srcdir)/po $< $@'
INTLTOOL_PERL='/usr/bin/perl'
INTLTOOL_POLICY_RULE='%.policy:    %.policy.in    $(INTLTOOL_MERGE) $(wildcard $(top_srcdir)/po/*.po) ; LC_ALL=C $(INTLTOOL_MERGE) -x -u -c $(top_builddir)/po/.intltool-merge-cache $(top_srcdir)/po $< $@'
INTLTOOL_PONG_RULE='%.pong:      %.pong.in      $(INTLTOOL_MERGE) $(wildcard $(top_srcdir)/po/*.po) ; LC_ALL=C $(INTLTOOL_MERGE) -x -u -c $(top_builddir)/po/.intltool-merge-cache $(top_srcdir)/po $< $@'
INTLTOOL_PROP_RULE='%.prop:      %.prop.in      $(INTLTOOL_MERGE) $(wildcard $(top_srcdir)/po/*.po) ; LC_ALL=C $(INTLTOOL_MERGE) -d -u -c $(top_builddir)/po/.intltool-merge-cache $(top_srcdir)/po $< $@'
INTLTOOL_SCHEMAS_RULE='%.schemas:   %.schemas.in   $(INTLTOOL_MERGE) $(wildcard $(top_srcdir)/po/*.po) ; LC_ALL=C $(INTLTOOL_MERGE) -s -u -c $(top_builddir)/po/.intltool-merge-cache $(top_srcdir)/po $< $@'
INTLTOOL_SERVER_RULE='%.server:    %.server.in    $(INTLTOOL_MERGE) $(wildcard $(top_srcdir)/po/*.po) ; LC_ALL=C $(INTLTOOL_MERGE) -o -u -c $(top_builddir)/po/.intltool-merge-cache $(top_srcdir)/po $< $@'
INTLTOOL_SERVICE_RULE='%.service: %.service.in   $(INTLTOOL_MERGE) $(wildcard $(top_srcdir)/po/*.po) ; LC_ALL=C $(INTLTOOL_MERGE) -d -u -c $(top_builddir)/po/.intltool-merge-cache $(top_srcdir)/po $< $@'
INTLTOOL_SHEET_RULE='%.sheet:     %.sheet.in     $(INTLTOOL_MERGE) $(wildcard $(top_srcdir)/po/*.po) ; LC_ALL=C $(INTLTOOL_MERGE) -x -u -c $(top_builddir)/po/.intltool-merge-cache $(top_srcdir)/po $< $@'
INTLTOOL_SOUNDLIST_RULE='%.soundlist: %.soundlist.in $(INTLTOOL_MERGE) $(wildcard $(top_srcdir)/po/*.po) ; LC_ALL=C $(INTLTOOL_MERGE) -d -u -c $(top_builddir)/po/.intltool-merge-cache $(top_srcdir)/po $< $@'
INTLTOOL_THEME_RULE='%.theme:     %.theme.in     $(INTLTOOL_MERGE) $(wildcard $(top_srcdir)/po/*.po) ; LC_ALL=C $(INTLTOOL_MERGE) -d -u -c $(top_builddir)/po/.intltool-merge-cache $(top_srcdir)/po $< $@'
INTLTOOL_UI_RULE='%.ui:        %.ui.in        $(INTLTOOL_MERGE) $(wildcard $(top_srcdir)/po/*.po) ; LC_ALL=C $(INTLTOOL_MERGE) -x -u -c $(top_builddir)/po/.intltool-merge-cache $(top_srcdir)/po $< $@'
INTLTOOL_UPDATE='/usr/bin/intltool-update'
INTLTOOL_XAM_RULE='%.xam:       %.xml.in       $(INTLTOOL_MERGE) $(wildcard $(top_srcdir)/po/*.po) ; LC_ALL=C $(INTLTOOL_MERGE) -x -u -c $(top_builddir)/po/.intltool-merge-cache $(top_srcdir)/po $< $@'
INTLTOOL_XML_NOMERGE_RULE='%.xml:       %.xml.in       $(INTLTOOL_MERGE) ; LC_ALL=C $(INTLTOOL_MERGE) -x -u /tmp $< $@'
INTLTOOL_XML_RULE='%.xml:       %.xml.in       $(INTLTOOL_MERGE) $(wildcard $(top_srcdir)/po/*.po) ; LC_ALL=C $(INTLTOOL_MERGE) -x -u -c $(top_builddir)/po/.intltool-merge-cache $(top_srcdir)/po $< $@'
LD='/usr/bin/ld'
LDFLAGS=''
LIBOBJS=''
LIBS=''
LIBTOOL='$(SHELL) $(top_builddir)/libtool'
LIBX11_CFLAGS=''
LIBX11_LDFLAGS=''
LIBX11_LIBS=' -lSM -lICE -lX11'
LIBXFCE4PANEL_CFLAGS='-pthread -I/usr/include/glib-2.0 -I/usr/lib/i386-linux-gnu/glib-2.0/include -I/usr/include/atk-1.0 -I/usr/include/pango-1.0 -I/usr/include/gio-unix-2.0/ -I/usr/include/freetype2 -I/usr/include/libpng12 -I/usr/include/xfce4/libxfce4panel-1.0 -I/usr/include/gtk-2.0 -I/usr/include/xfce4 -I/usr/lib/gtk-2.0/include -I/usr/include/cairo -I/usr/include/gdk-pixbuf-2.0 -I/usr/include/pixman-1  '
LIBXFCE4PANEL_LIBS='-Wl,--export-dynamic -pthread -L/usr/lib/i386-linux-gnu -lxfce4panel-1.0 -lgtk-x11-2.0 -lxfce4util -lgdk-x11-2.0 -latk-1.0 -lgio-2.0 -lpangoft2-1.0 -lpangocairo-1.0 -lgdk_pixbuf-2.0 -lm -lcairo -lpango-1.0 -lfreetype -lfontconfig -lgobject-2.0 -lgmodule-2.0 -lgthread-2.0 -lrt -lglib-2.0  '
LIBXFCE4PANEL_REQUIRED_VERSION='4.6.0'
LIBXFCE4PANEL_VERSION='4.8.3'
LIBXFCE4UI_CFLAGS='-pthread -I/usr/include/atk-1.0 -I/usr/include/pango-1.0 -I/usr/include/gio-unix-2.0/ -I/usr/include/glib-2.0 -I/usr/lib/i386-linux-gnu/glib-2.0/include -I/usr/include/freetype2 -I/usr/include/libpng12 -I/usr/include/xfce4/libxfce4ui-1 -I/usr/include/gtk-2.0 -I/usr/include/xfce4 -I/usr/lib/gtk-2.0/include -I/usr/include/cairo -I/usr/include/gdk-pixbuf-2.0 -I/usr/include/pixman-1  '
LIBXFCE4UI_LIBS='-pthread -L/usr/lib/i386-linux-gnu -lxfce4ui-1 -lgtk-x11-2.0 -lxfce4util -lgdk-x11-2.0 -latk-1.0 -lgio-2.0 -lpangoft2-1.0 -lpangocairo-1.0 -lgdk_pixbuf-2.0 -lm -lcairo -lpango-1.0 -lfreetype -lfontconfig -lgobject-2.0 -lgmodule-2.0 -lgthread-2.0 -lrt -lglib-2.0  '
LIBXFCE4UI_REQUIRED_VERSION='4.6.0'
LIBXFCE4UI_VERSION='4.8.0'
LIBXFCE4UTIL_CFLAGS='-I/usr/include/glib-2.0 -I/usr/lib/i386-linux-gnu/glib-2.0/include -I/usr/include/xfce4  '
LIBXFCE4UTIL_LIBS='-L/usr/lib/i386-linux-gnu -lxfce4util -lglib-2.0  '
LIBXFCE4UTIL_REQUIRED_VERSION='4.6.0'
LIBXFCE4UTIL_VERSION='4.8.1'
LIPO=''
LN_S='ln -s'
LTLIBOBJS=''
MAINT='#'
MAINTAINER_MODE_FALSE=''
MAINTAINER_MODE_TRUE='#'
MAKEINFO='${SHELL} /home/oleg/temp/xfce/xfce4-kbdleds-plugin/missing --run makeinfo'
MKDIR_P='/bin/mkdir -p'
MKINSTALLDIRS='./mkinstalldirs'
MSGFMT='/usr/bin/msgfmt'
MSGFMT_OPTS='-c'
MSGMERGE='/usr/bin/msgmerge'
NM='/usr/bin/nm -B'
NMEDIT=''
OBJDUMP='objdump'
OBJEXT='o'
OTOOL64=''
OTOOL=''
PACKAGE='xfce4-kbdleds-plugin'
PACKAGE_BUGREPORT='http://bugzilla.xfce.org/'
PACKAGE_NAME='xfce4-kbdleds'
PACKAGE_STRING='xfce4-kbdleds 0.0.5'
PACKAGE_TARNAME='xfce4-kbdleds-plugin'
PACKAGE_URL=''
PACKAGE_VERSION='0.0.5'
PATH_SEPARATOR=':'
PKG_CONFIG='/usr/bin/pkg-config'
PLATFORM_CFLAGS=''
PLATFORM_CPPFLAGS=''
PLATFORM_LDFLAGS=''
POFILES=' ru.po uk.po'
POSUB='po'
PO_IN_DATADIR_FALSE=''
PO_IN_DATADIR_TRUE=''
RANLIB='ranlib'
SED='/bin/sed'
SET_MAKE=''
SHELL='/bin/bash'
STRIP='strip'
USE_NLS='yes'
VERSION='0.0.5'
XGETTEXT='/usr/bin/xgettext'
XGETTEXT_ARGS='--keyword=Q_ --from-code=UTF-8'
XMKMF=''
X_CFLAGS=''
X_EXTRA_LIBS=''
X_LIBS=''
X_PRE_LIBS=' -lSM -lICE'
ac_ct_CC='gcc'
ac_ct_DUMPBIN=''
am__EXEEXT_FALSE=''
am__EXEEXT_TRUE='#'
am__fastdepCC_FALSE='#'
am__fastdepCC_TRUE=''
am__include='include'
am__isrc=''
am__leading_dot='.'
am__quote=''
am__tar='tar --format=ustar -chf - "$$tardir"'
am__untar='tar -xf -'
bindir='${exec_prefix}/bin'
build='i686-pc-linux-gnu'
build_alias=''
build_cpu='i686'
build_os='linux-gnu'
build_vendor='pc'
datadir='${datarootdir}'
datarootdir='${prefix}/share'
docdir='${datarootdir}/doc/${PACKAGE_TARNAME}'
dvidir='${docdir}'
exec_prefix='${prefix}'
host='i686-pc-linux-gnu'
host_alias=''
host_cpu='i686'
host_os='linux-gnu'
host_vendor='pc'
htmldir='${docdir}'
includedir='${prefix}/include'
infodir='${datarootdir}/info'
install_sh='${SHELL} /home/oleg/temp/xfce/xfce4-kbdleds-plugin/install-sh'
libdir='${exec_prefix}/lib'
libexecdir='${exec_prefix}/libexec'
localedir='${datarootdir}/locale'
localstatedir='${prefix}/var'
lt_ECHO='echo'
mandir='${datarootdir}/man'
mkdir_p='/bin/mkdir -p'
oldincludedir='/usr/include'
pdfdir='${docdir}'
prefix='/usr'
program_transform_name='s,x,x,'
psdir='${docdir}'
sbindir='${exec_prefix}/sbin'
sharedstatedir='${prefix}/com'
sysconfdir='${prefix}/etc'
target_alias=''

## ----------- ##
## confdefs.h. ##
## ----------- ##

/* confdefs.h */
#define PACKAGE_NAME "xfce4-kbdleds"
#define PACKAGE_TARNAME "xfce4-kbdleds-plugin"
#define PACKAGE_VERSION "0.0.5"
#define PACKAGE_STRING "xfce4-kbdleds 0.0.5"
#define PACKAGE_BUGREPORT "http://bugzilla.xfce.org/"
#define PACKAGE_URL ""
#define PACKAGE "xfce4-kbdleds-plugin"
#define VERSION "0.0.5"
#define STDC_HEADERS 1
#define HAVE_SYS_TYPES_H 1
#define HAVE_SYS_STAT_H 1
#define HAVE_STDLIB_H 1
#define HAVE_STRING_H 1
#define HAVE_MEMORY_H 1
#define HAVE_STRINGS_H 1
#define HAVE_INTTYPES_H 1
#define HAVE_STDINT_H 1
#define HAVE_UNISTD_H 1
#define __EXTENSIONS__ 1
#define _ALL_SOURCE 1
#define _GNU_SOURCE 1
#define _POSIX_PTHREAD_SEMANTICS 1
#define _TANDEM_SOURCE 1
#define HAVE_DLFCN_H 1
#define LT_OBJDIR ".libs/"
#define STDC_HEADERS 1
#define HAVE_STDLIB_H 1
#define HAVE_UNISTD_H 1
#define HAVE_LOCALE_H 1
#define HAVE_STDIO_H 1
#define HAVE_ERRNO_H 1
#define HAVE_TIME_H 1
#define HAVE_STRING_H 1
#define HAVE_MATH_H 1
#define HAVE_SYS_TYPES_H 1
#define HAVE_SYS_WAIT_H 1
#define HAVE_MEMORY_H 1
#define HAVE_SIGNAL_H 1
#define HAVE_SYS_PRCTL_H 1
#define HAVE_LIBINTL_H 1
#define HAVE_BIND_TEXTDOMAIN_CODESET 1
#define GETTEXT_PACKAGE "xfce4-kbdleds-plugin"
#define HAVE_LOCALE_H 1
#define HAVE_LC_MESSAGES 1
#define HAVE_BIND_TEXTDOMAIN_CODESET 1
#define HAVE_GETTEXT 1
#define HAVE_DCGETTEXT 1
#define ENABLE_NLS 1
#define HAVE_LIBX11 1

configure: exit 0
